# JRE version: OpenJDK Runtime Environment Temurin-21.0.10+7 (21.0.10+7) (build 21.0.10+7-LTS)
# Java VM: OpenJDK 64-Bit Server VM Temurin-21.0.10+7 (21.0.10+7-LTS, mixed mode, sharing, tiered, compressed oops, compressed class ptrs, parallel gc, windows-amd64)
GC Precious Log:
 CardTable entry size: 512
 CPUs: 12 total, 12 available
 Memory: 7514M
 Large Page Support: Disabled
 NUMA Support: Disabled
 Compressed Oops: Enabled (32-bit)
 Alignments: Space 512K, Generation 512K, Heap 2M
 Heap Min Capacity: 100M
 Heap Initial Capacity: 100M
 Heap Max Capacity: 2G
 Pre-touch: Disabled
 Parallel Workers: 10
Heap:
 PSYoungGen      total 6656K, used 4586K [0x00000000d5580000, 0x00000000d5f80000, 0x0000000100000000)
  eden space 3072K, 51% used [0x00000000d5580000,0x00000000d570ab38,0x00000000d5880000)
  from space 3584K, 83% used [0x00000000d5880000,0x00000000d5b70000,0x00000000d5c00000)
  to   space 3072K, 0% used [0x00000000d5c80000,0x00000000d5c80000,0x00000000d5f80000)
 ParOldGen       total 716288K, used 715876K [0x0000000080000000, 0x00000000abb80000, 0x00000000d5580000)
  object space 716288K, 99% used [0x0000000080000000,0x00000000abb19010,0x00000000abb80000)
 Metaspace       used 71693K, committed 73216K, reserved 1114112K
  class space    used 7657K, committed 8320K, reserved 1048576K
GC Heap History (20 events):
Event: 171.061 GC heap before
{Heap before GC invocations=957 (full 3):
 PSYoungGen      total 6656K, used 6633K [0x00000000d5580000, 0x00000000d6500000, 0x0000000100000000)
  eden space 4608K, 100% used [0x00000000d5580000,0x00000000d5a00000,0x00000000d5a00000)
  from space 2048K, 98% used [0x00000000d5d80000,0x00000000d5f7a718,0x00000000d5f80000)
  to   space 5632K, 0% used [0x00000000d5f80000,0x00000000d5f80000,0x00000000d6500000)
 ParOldGen       total 698368K, used 698066K [0x0000000080000000, 0x00000000aaa00000, 0x00000000d5580000)
  object space 698368K, 99% used [0x0000000080000000,0x00000000aa9b4ad0,0x00000000aaa00000)
 Metaspace       used 71636K, committed 73088K, reserved 1114112K
  class space    used 7653K, committed 8320K, reserved 1048576K
}
Event: 171.065 GC heap after
{Heap after GC invocations=957 (full 3):
 PSYoungGen      total 7168K, used 2474K [0x00000000d5580000, 0x00000000d6200000, 0x0000000100000000)
  eden space 4608K, 0% used [0x00000000d5580000,0x00000000d5580000,0x00000000d5a00000)
  from space 2560K, 96% used [0x00000000d5f80000,0x00000000d61ea998,0x00000000d6200000)
  to   space 3584K, 0% used [0x00000000d5b00000,0x00000000d5b00000,0x00000000d5e80000)
 ParOldGen       total 699904K, used 699857K [0x0000000080000000, 0x00000000aab80000, 0x00000000d5580000)
  object space 699904K, 99% used [0x0000000080000000,0x00000000aab744c8,0x00000000aab80000)
 Metaspace       used 71636K, committed 73088K, reserved 1114112K
  class space    used 7653K, committed 8320K, reserved 1048576K
}
Event: 171.373 GC heap before
{Heap before GC invocations=958 (full 3):
 PSYoungGen      total 7168K, used 7082K [0x00000000d5580000, 0x00000000d6200000, 0x0000000100000000)
  eden space 4608K, 100% used [0x00000000d5580000,0x00000000d5a00000,0x00000000d5a00000)
  from space 2560K, 96% used [0x00000000d5f80000,0x00000000d61ea998,0x00000000d6200000)
  to   space 3584K, 0% used [0x00000000d5b00000,0x00000000d5b00000,0x00000000d5e80000)
 ParOldGen       total 699904K, used 699857K [0x0000000080000000, 0x00000000aab80000, 0x00000000d5580000)
  object space 699904K, 99% used [0x0000000080000000,0x00000000aab744c8,0x00000000aab80000)
 Metaspace       used 71637K, committed 73088K, reserved 1114112K
  class space    used 7653K, committed 8320K, reserved 1048576K
}
Event: 171.378 GC heap after
{Heap after GC invocations=958 (full 3):
 PSYoungGen      total 6656K, used 1792K [0x00000000d5580000, 0x00000000d6000000, 0x0000000100000000)
  eden space 4608K, 0% used [0x00000000d5580000,0x00000000d5580000,0x00000000d5a00000)
  from space 2048K, 87% used [0x00000000d5b00000,0x00000000d5cc0000,0x00000000d5d00000)
  to   space 2560K, 0% used [0x00000000d5d80000,0x00000000d5d80000,0x00000000d6000000)
 ParOldGen       total 702464K, used 702144K [0x0000000080000000, 0x00000000aae00000, 0x00000000d5580000)
  object space 702464K, 99% used [0x0000000080000000,0x00000000aadb01f8,0x00000000aae00000)
 Metaspace       used 71637K, committed 73088K, reserved 1114112K
  class space    used 7653K, committed 8320K, reserved 1048576K
}
Event: 171.688 GC heap before
{Heap before GC invocations=959 (full 3):
 PSYoungGen      total 6656K, used 6400K [0x00000000d5580000, 0x00000000d6000000, 0x0000000100000000)
  eden space 4608K, 100% used [0x00000000d5580000,0x00000000d5a00000,0x00000000d5a00000)
  from space 2048K, 87% used [0x00000000d5b00000,0x00000000d5cc0000,0x00000000d5d00000)
  to   space 2560K, 0% used [0x00000000d5d80000,0x00000000d5d80000,0x00000000d6000000)
 ParOldGen       total 702464K, used 702144K [0x0000000080000000, 0x00000000aae00000, 0x00000000d5580000)
  object space 702464K, 99% used [0x0000000080000000,0x00000000aadb01f8,0x00000000aae00000)
 Metaspace       used 71637K, committed 73088K, reserved 1114112K
  class space    used 7653K, committed 8320K, reserved 1048576K
}
Event: 171.692 GC heap after
{Heap after GC invocations=959 (full 3):
 PSYoungGen      total 6144K, used 1472K [0x00000000d5580000, 0x00000000d5f00000, 0x0000000100000000)
  eden space 4608K, 0% used [0x00000000d5580000,0x00000000d5580000,0x00000000d5a00000)
  from space 1536K, 95% used [0x00000000d5d80000,0x00000000d5ef0000,0x00000000d5f00000)
  to   space 2048K, 0% used [0x00000000d5b00000,0x00000000d5b00000,0x00000000d5d00000)
 ParOldGen       total 704000K, used 703595K [0x0000000080000000, 0x00000000aaf80000, 0x00000000d5580000)
  object space 704000K, 99% used [0x0000000080000000,0x00000000aaf1af60,0x00000000aaf80000)
 Metaspace       used 71637K, committed 73088K, reserved 1114112K
  class space    used 7653K, committed 8320K, reserved 1048576K
}
Event: 171.796 GC heap before
{Heap before GC invocations=960 (full 3):
 PSYoungGen      total 6144K, used 5606K [0x00000000d5580000, 0x00000000d5f00000, 0x0000000100000000)
  eden space 4608K, 89% used [0x00000000d5580000,0x00000000d5989868,0x00000000d5a00000)
  from space 1536K, 95% used [0x00000000d5d80000,0x00000000d5ef0000,0x00000000d5f00000)
  to   space 2048K, 0% used [0x00000000d5b00000,0x00000000d5b00000,0x00000000d5d00000)
 ParOldGen       total 704000K, used 703595K [0x0000000080000000, 0x00000000aaf80000, 0x00000000d5580000)
  object space 704000K, 99% used [0x0000000080000000,0x00000000aaf1af60,0x00000000aaf80000)
 Metaspace       used 71637K, committed 73088K, reserved 1114112K
  class space    used 7653K, committed 8320K, reserved 1048576K
}
Event: 171.800 GC heap after
{Heap after GC invocations=960 (full 3):
 PSYoungGen      total 6144K, used 1426K [0x00000000d5580000, 0x00000000d5e00000, 0x0000000100000000)
  eden space 4608K, 0% used [0x00000000d5580000,0x00000000d5580000,0x00000000d5a00000)
  from space 1536K, 92% used [0x00000000d5b00000,0x00000000d5c64808,0x00000000d5c80000)
  to   space 1536K, 0% used [0x00000000d5c80000,0x00000000d5c80000,0x00000000d5e00000)
 ParOldGen       total 705024K, used 704951K [0x0000000080000000, 0x00000000ab080000, 0x00000000d5580000)
  object space 705024K, 99% used [0x0000000080000000,0x00000000ab06df00,0x00000000ab080000)
 Metaspace       used 71637K, committed 73088K, reserved 1114112K
  class space    used 7653K, committed 8320K, reserved 1048576K
}
Event: 172.013 GC heap before
{Heap before GC invocations=961 (full 3):
 PSYoungGen      total 6144K, used 6034K [0x00000000d5580000, 0x00000000d5e00000, 0x0000000100000000)
  eden space 4608K, 100% used [0x00000000d5580000,0x00000000d5a00000,0x00000000d5a00000)
  from space 1536K, 92% used [0x00000000d5b00000,0x00000000d5c64808,0x00000000d5c80000)
  to   space 1536K, 0% used [0x00000000d5c80000,0x00000000d5c80000,0x00000000d5e00000)
 ParOldGen       total 705024K, used 704951K [0x0000000080000000, 0x00000000ab080000, 0x00000000d5580000)
  object space 705024K, 99% used [0x0000000080000000,0x00000000ab06df00,0x00000000ab080000)
 Metaspace       used 71637K, committed 73088K, reserved 1114112K
  class space    used 7653K, committed 8320K, reserved 1048576K
}
Event: 172.017 GC heap after
{Heap after GC invocations=961 (full 3):
 PSYoungGen      total 4608K, used 1533K [0x00000000d5580000, 0x00000000d6200000, 0x0000000100000000)
  eden space 3072K, 0% used [0x00000000d5580000,0x00000000d5580000,0x00000000d5880000)
  from space 1536K, 99% used [0x00000000d5c80000,0x00000000d5dff408,0x00000000d5e00000)
  to   space 4096K, 0% used [0x00000000d5880000,0x00000000d5880000,0x00000000d5c80000)
 ParOldGen       total 707072K, used 706908K [0x0000000080000000, 0x00000000ab280000, 0x00000000d5580000)
  object space 707072K, 99% used [0x0000000080000000,0x00000000ab257120,0x00000000ab280000)
 Metaspace       used 71637K, committed 73088K, reserved 1114112K
  class space    used 7653K, committed 8320K, reserved 1048576K
}
Event: 172.160 GC heap before
{Heap before GC invocations=962 (full 3):
 PSYoungGen      total 4608K, used 4605K [0x00000000d5580000, 0x00000000d6200000, 0x0000000100000000)
  eden space 3072K, 100% used [0x00000000d5580000,0x00000000d5880000,0x00000000d5880000)
  from space 1536K, 99% used [0x00000000d5c80000,0x00000000d5dff408,0x00000000d5e00000)
  to   space 4096K, 0% used [0x00000000d5880000,0x00000000d5880000,0x00000000d5c80000)
 ParOldGen       total 707072K, used 706908K [0x0000000080000000, 0x00000000ab280000, 0x00000000d5580000)
  object space 707072K, 99% used [0x0000000080000000,0x00000000ab257120,0x00000000ab280000)
 Metaspace       used 71637K, committed 73088K, reserved 1114112K
  class space    used 7653K, committed 8320K, reserved 1048576K
}
Event: 172.164 GC heap after
{Heap after GC invocations=962 (full 3):
 PSYoungGen      total 5120K, used 1640K [0x00000000d5580000, 0x00000000d5d80000, 0x0000000100000000)
  eden space 3072K, 0% used [0x00000000d5580000,0x00000000d5580000,0x00000000d5880000)
  from space 2048K, 80% used [0x00000000d5880000,0x00000000d5a1a3f0,0x00000000d5a80000)
  to   space 2560K, 0% used [0x00000000d5b00000,0x00000000d5b00000,0x00000000d5d80000)
 ParOldGen       total 708608K, used 708178K [0x0000000080000000, 0x00000000ab400000, 0x00000000d5580000)
  object space 708608K, 99% used [0x0000000080000000,0x00000000ab394be0,0x00000000ab400000)
 Metaspace       used 71637K, committed 73088K, reserved 1114112K
  class space    used 7653K, committed 8320K, reserved 1048576K
}
Event: 172.462 GC heap before
{Heap before GC invocations=963 (full 3):
 PSYoungGen      total 5120K, used 4712K [0x00000000d5580000, 0x00000000d5d80000, 0x0000000100000000)
  eden space 3072K, 100% used [0x00000000d5580000,0x00000000d5880000,0x00000000d5880000)
  from space 2048K, 80% used [0x00000000d5880000,0x00000000d5a1a3f0,0x00000000d5a80000)
  to   space 2560K, 0% used [0x00000000d5b00000,0x00000000d5b00000,0x00000000d5d80000)
 ParOldGen       total 708608K, used 708178K [0x0000000080000000, 0x00000000ab400000, 0x00000000d5580000)
  object space 708608K, 99% used [0x0000000080000000,0x00000000ab394be0,0x00000000ab400000)
 Metaspace       used 71637K, committed 73088K, reserved 1114112K
  class space    used 7653K, committed 8320K, reserved 1048576K
}
Event: 172.465 GC heap after
{Heap after GC invocations=963 (full 3):
 PSYoungGen      total 4096K, used 1010K [0x00000000d5580000, 0x00000000d5c00000, 0x0000000100000000)
  eden space 3072K, 0% used [0x00000000d5580000,0x00000000d5580000,0x00000000d5880000)
  from space 1024K, 98% used [0x00000000d5b00000,0x00000000d5bfc808,0x00000000d5c00000)
  to   space 1536K, 0% used [0x00000000d5900000,0x00000000d5900000,0x00000000d5a80000)
 ParOldGen       total 710144K, used 709739K [0x0000000080000000, 0x00000000ab580000, 0x00000000d5580000)
  object space 710144K, 99% used [0x0000000080000000,0x00000000ab51ae30,0x00000000ab580000)
 Metaspace       used 71637K, committed 73088K, reserved 1114112K
  class space    used 7653K, committed 8320K, reserved 1048576K
}
Event: 172.561 GC heap before
{Heap before GC invocations=964 (full 3):
 PSYoungGen      total 4096K, used 4082K [0x00000000d5580000, 0x00000000d5c00000, 0x0000000100000000)
  eden space 3072K, 100% used [0x00000000d5580000,0x00000000d5880000,0x00000000d5880000)
  from space 1024K, 98% used [0x00000000d5b00000,0x00000000d5bfc808,0x00000000d5c00000)
  to   space 1536K, 0% used [0x00000000d5900000,0x00000000d5900000,0x00000000d5a80000)
 ParOldGen       total 710144K, used 709739K [0x0000000080000000, 0x00000000ab580000, 0x00000000d5580000)
  object space 710144K, 99% used [0x0000000080000000,0x00000000ab51ae30,0x00000000ab580000)
 Metaspace       used 71643K, committed 73088K, reserved 1114112K
  class space    used 7655K, committed 8320K, reserved 1048576K
}
Event: 172.567 GC heap after
{Heap after GC invocations=964 (full 3):
 PSYoungGen      total 4608K, used 1523K [0x00000000d5580000, 0x00000000d6080000, 0x0000000100000000)
  eden space 3072K, 0% used [0x00000000d5580000,0x00000000d5580000,0x00000000d5880000)
  from space 1536K, 99% used [0x00000000d5900000,0x00000000d5a7cef0,0x00000000d5a80000)
  to   space 4096K, 0% used [0x00000000d5c80000,0x00000000d5c80000,0x00000000d6080000)
 ParOldGen       total 711680K, used 711514K [0x0000000080000000, 0x00000000ab700000, 0x00000000d5580000)
  object space 711680K, 99% used [0x0000000080000000,0x00000000ab6d6bc8,0x00000000ab700000)
 Metaspace       used 71643K, committed 73088K, reserved 1114112K
  class space    used 7655K, committed 8320K, reserved 1048576K
}
Event: 172.583 GC heap before
{Heap before GC invocations=965 (full 3):
 PSYoungGen      total 4608K, used 4595K [0x00000000d5580000, 0x00000000d6080000, 0x0000000100000000)
  eden space 3072K, 99% used [0x00000000d5580000,0x00000000d587ffa0,0x00000000d5880000)
  from space 1536K, 99% used [0x00000000d5900000,0x00000000d5a7cef0,0x00000000d5a80000)
  to   space 4096K, 0% used [0x00000000d5c80000,0x00000000d5c80000,0x00000000d6080000)
 ParOldGen       total 711680K, used 711514K [0x0000000080000000, 0x00000000ab700000, 0x00000000d5580000)
  object space 711680K, 99% used [0x0000000080000000,0x00000000ab6d6bc8,0x00000000ab700000)
 Metaspace       used 71643K, committed 73088K, reserved 1114112K
  class space    used 7655K, committed 8320K, reserved 1048576K
}
Event: 172.589 GC heap after
{Heap after GC invocations=965 (full 3):
 PSYoungGen      total 6144K, used 2994K [0x00000000d5580000, 0x00000000d5f80000, 0x0000000100000000)
  eden space 3072K, 0% used [0x00000000d5580000,0x00000000d5580000,0x00000000d5880000)
  from space 3072K, 97% used [0x00000000d5c80000,0x00000000d5f6c8b8,0x00000000d5f80000)
  to   space 3584K, 0% used [0x00000000d5880000,0x00000000d5880000,0x00000000d5c00000)
 ParOldGen       total 713216K, used 713007K [0x0000000080000000, 0x00000000ab880000, 0x00000000d5580000)
  object space 713216K, 99% used [0x0000000080000000,0x00000000ab84bf10,0x00000000ab880000)
 Metaspace       used 71643K, committed 73088K, reserved 1114112K
  class space    used 7655K, committed 8320K, reserved 1048576K
}
Event: 172.593 GC heap before
{Heap before GC invocations=966 (full 3):
 PSYoungGen      total 6144K, used 6066K [0x00000000d5580000, 0x00000000d5f80000, 0x0000000100000000)
  eden space 3072K, 100% used [0x00000000d5580000,0x00000000d5880000,0x00000000d5880000)
  from space 3072K, 97% used [0x00000000d5c80000,0x00000000d5f6c8b8,0x00000000d5f80000)
  to   space 3584K, 0% used [0x00000000d5880000,0x00000000d5880000,0x00000000d5c00000)
 ParOldGen       total 713216K, used 713007K [0x0000000080000000, 0x00000000ab880000, 0x00000000d5580000)
  object space 713216K, 99% used [0x0000000080000000,0x00000000ab84bf10,0x00000000ab880000)
 Metaspace       used 71645K, committed 73088K, reserved 1114112K
  class space    used 7655K, committed 8320K, reserved 1048576K
}
Event: 172.599 GC heap after
{Heap after GC invocations=966 (full 3):
 PSYoungGen      total 6656K, used 3008K [0x00000000d5580000, 0x00000000d5f80000, 0x0000000100000000)
  eden space 3072K, 0% used [0x00000000d5580000,0x00000000d5580000,0x00000000d5880000)
  from space 3584K, 83% used [0x00000000d5880000,0x00000000d5b70000,0x00000000d5c00000)
  to   space 3072K, 0% used [0x00000000d5c80000,0x00000000d5c80000,0x00000000d5f80000)
 ParOldGen       total 716288K, used 715876K [0x0000000080000000, 0x00000000abb80000, 0x00000000d5580000)
  object space 716288K, 99% used [0x0000000080000000,0x00000000abb19010,0x00000000abb80000)
 Metaspace       used 71645K, committed 73088K, reserved 1114112K
  class space    used 7655K, committed 8320K, reserved 1048576K
}

